<?xml version="1.0" encoding="UTF-8"?>
<!-- Generated by org.testng.reporters.JUnitReportReporter -->
<testsuite skipped="0" hostname="WKWCO5101768" name="Tests.RegistroTest" tests="1" failures="0" timestamp="2020-11-01T11:13:32 COT" time="8.315" errors="0">
  <testcase name="doRegistro" time="8.315" classname="Tests.RegistroTest"/>
  <system-out/>
</testsuite> <!-- Tests.RegistroTest -->
